[debug] [2025-06-26T06:28:00.756Z] ----------------------------------------------------------------------
[debug] [2025-06-26T06:28:00.768Z] Command:       C:\Program Files\nodejs\node.exe C:\Users\drras\AppData\Roaming\npm\node_modules\firebase-tools\lib\bin\firebase.js init
[debug] [2025-06-26T06:28:00.770Z] CLI Version:   14.8.0
[debug] [2025-06-26T06:28:00.771Z] Platform:      win32
[debug] [2025-06-26T06:28:00.771Z] Node Version:  v20.11.1
[debug] [2025-06-26T06:28:00.771Z] Time:          Thu Jun 26 2025 11:58:00 GMT+0530 (India Standard Time)
[debug] [2025-06-26T06:28:00.772Z] ----------------------------------------------------------------------
[debug] 
[debug] [2025-06-26T06:28:00.792Z] > command requires scopes: ["email","openid","https://www.googleapis.com/auth/cloudplatformprojects.readonly","https://www.googleapis.com/auth/firebase","https://www.googleapis.com/auth/cloud-platform"]
[debug] [2025-06-26T06:28:00.793Z] > authorizing via signed-in user (www.msaif9@gmail.com)
[info] 
     ######## #### ########  ######## ########     ###     ######  ########
     ##        ##  ##     ## ##       ##     ##  ##   ##  ##       ##
     ######    ##  ########  ######   ########  #########  ######  ######
     ##        ##  ##    ##  ##       ##     ## ##     ##       ## ##
     ##       #### ##     ## ######## ########  ##     ##  ######  ########

You're about to initialize a Firebase project in this directory:

  C:\Users\drras\OneDrive\Desktop\auction-website-main

[info] 
=== Project Setup
[info] 
[info] First, let's associate this project directory with a Firebase project.
[info] You can create multiple project aliases by running firebase use --add, 
[info] but for now we'll just set up a default project.
[info] 
[debug] [2025-06-26T06:28:13.066Z] Checked if tokens are valid: true, expires at: 1750922219290
[debug] [2025-06-26T06:28:13.067Z] Checked if tokens are valid: true, expires at: 1750922219290
[debug] [2025-06-26T06:28:13.074Z] >>> [apiv2][query] GET https://firebase.googleapis.com/v1beta1/projects pageSize=100
[debug] [2025-06-26T06:28:17.132Z] <<< [apiv2][status] GET https://firebase.googleapis.com/v1beta1/projects 200
[debug] [2025-06-26T06:28:17.133Z] <<< [apiv2][body] GET https://firebase.googleapis.com/v1beta1/projects [omitted]
[info] i  Using project auctionhouse-44470 (AuctionHouse) 
[info] 
=== Hosting Setup
[debug] [2025-06-26T06:28:19.043Z] Checked if tokens are valid: true, expires at: 1750922219290
[debug] [2025-06-26T06:28:19.044Z] Checked if tokens are valid: true, expires at: 1750922219290
[debug] [2025-06-26T06:28:19.044Z] >>> [apiv2][query] GET https://firebase.googleapis.com/v1beta1/projects/auctionhouse-44470 [none]
[debug] [2025-06-26T06:28:19.778Z] <<< [apiv2][status] GET https://firebase.googleapis.com/v1beta1/projects/auctionhouse-44470 200
[debug] [2025-06-26T06:28:19.778Z] <<< [apiv2][body] GET https://firebase.googleapis.com/v1beta1/projects/auctionhouse-44470 {"projectId":"auctionhouse-44470","projectNumber":"230074518103","displayName":"AuctionHouse","name":"projects/auctionhouse-44470","resources":{"hostingSite":"auctionhouse-44470"},"state":"ACTIVE","etag":"1_3530dd2d-d960-4b07-a244-0ea62ea44033"}
[info] 
[info] Your public directory is the folder (relative to your project directory) that
[info] will contain Hosting assets to be uploaded with firebase deploy. If you
[info] have a build process for your assets, use your build's output directory.
[info] 
[debug] [2025-06-26T06:28:27.430Z] >>> [apiv2][query] GET https://www.gstatic.com/firebasejs/releases.json [none]
[debug] [2025-06-26T06:28:28.680Z] <<< [apiv2][status] GET https://www.gstatic.com/firebasejs/releases.json 200
[debug] [2025-06-26T06:28:28.681Z] <<< [apiv2][body] GET https://www.gstatic.com/firebasejs/releases.json {"current":{"version":"11.9.1","browserURL":"https://www.gstatic.com/firebasejs/11.9.1/firebase.js","packageURL":"https://www.gstatic.com/firebasejs/11.9.1/firebase.tgz"},"live":{"version":"11.9","browserURL":"https://www.gstatic.com/firebasejs/live/11.9/firebase.js","packageURL":"https://www.gstatic.com/firebasejs/live/11.9/firebase.tgz"},"components":{"ai":"https://www.gstatic.com/firebasejs/11.9.1/firebase-ai.js","analytics":"https://www.gstatic.com/firebasejs/11.9.1/firebase-analytics.js","app":"https://www.gstatic.com/firebasejs/11.9.1/firebase-app.js","app-check":"https://www.gstatic.com/firebasejs/11.9.1/firebase-app-check.js","auth":"https://www.gstatic.com/firebasejs/11.9.1/firebase-auth.js","auth/cordova":"https://www.gstatic.com/firebasejs/11.9.1/firebase-auth/cordova.js","auth/web-extension":"https://www.gstatic.com/firebasejs/11.9.1/firebase-auth/web-extension.js","functions":"https://www.gstatic.com/firebasejs/11.9.1/firebase-functions.js","firestore":"https://www.gstatic.com/firebasejs/11.9.1/firebase-firestore.js","firestore/lite":"https://www.gstatic.com/firebasejs/11.9.1/firebase-firestore/lite.js","installations":"https://www.gstatic.com/firebasejs/11.9.1/firebase-installations.js","storage":"https://www.gstatic.com/firebasejs/11.9.1/firebase-storage.js","performance":"https://www.gstatic.com/firebasejs/11.9.1/firebase-performance.js","remote-config":"https://www.gstatic.com/firebasejs/11.9.1/firebase-remote-config.js","messaging":"https://www.gstatic.com/firebasejs/11.9.1/firebase-messaging.js","messaging/sw":"https://www.gstatic.com/firebasejs/11.9.1/firebase-messaging/sw.js","database":"https://www.gstatic.com/firebasejs/11.9.1/firebase-database.js","vertexai":"https://www.gstatic.com/firebasejs/11.9.1/firebase-vertexai.js","data-connect":"https://www.gstatic.com/firebasejs/11.9.1/firebase-data-connect.js","firestore.memory":"https://www.gstatic.com/firebasejs/11.9.1/firebase-firestore.memory.js"}}
[info] i  main.jsx/index.html is unchanged 
[info] 
[info] i  Didn't detect a .git folder. Assuming C:\Users\drras\OneDrive\Desktop\auction-website-main is the project root. 
[info] i  Authorizing with GitHub to upload your service account to a GitHub repository's secrets store. 
[info] 
[info] Visit this URL on this device to log in:
[info] https://github.com/login/oauth/authorize?client_id=89cf50f02ac6aaed3484&state=636677250&redirect_uri=http%3A%2F%2Flocalhost%3A9005&scope=read%3Auser%20repo%20public_repo
[info] 
[info] Waiting for authentication...
[debug] [2025-06-26T06:28:30.069Z] >>> [apiv2][query] POST https://github.com/login/oauth/access_token [none]
[debug] [2025-06-26T06:28:30.069Z] >>> [apiv2][body] POST https://github.com/login/oauth/access_token [stream]
[debug] [2025-06-26T06:28:30.555Z] <<< [apiv2][status] POST https://github.com/login/oauth/access_token 200
[debug] [2025-06-26T06:28:30.555Z] <<< [apiv2][body] POST https://github.com/login/oauth/access_token {"access_token":"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","token_type":"bearer","scope":"read:user,repo"}
[debug] [2025-06-26T06:28:30.564Z] >>> [apiv2][query] GET https://api.github.com/user [none]
[debug] [2025-06-26T06:28:31.109Z] <<< [apiv2][status] GET https://api.github.com/user 200
[debug] [2025-06-26T06:28:31.109Z] <<< [apiv2][body] GET https://api.github.com/user {"login":"msaif9","id":160385789,"node_id":"U_kgDOCY9K_Q","avatar_url":"https://avatars.githubusercontent.com/u/160385789?v=4","gravatar_id":"","url":"https://api.github.com/users/msaif9","html_url":"https://github.com/msaif9","followers_url":"https://api.github.com/users/msaif9/followers","following_url":"https://api.github.com/users/msaif9/following{/other_user}","gists_url":"https://api.github.com/users/msaif9/gists{/gist_id}","starred_url":"https://api.github.com/users/msaif9/starred{/owner}{/repo}","subscriptions_url":"https://api.github.com/users/msaif9/subscriptions","organizations_url":"https://api.github.com/users/msaif9/orgs","repos_url":"https://api.github.com/users/msaif9/repos","events_url":"https://api.github.com/users/msaif9/events{/privacy}","received_events_url":"https://api.github.com/users/msaif9/received_events","type":"User","user_view_type":"private","site_admin":false,"name":null,"company":null,"blog":"","location":null,"email":null,"hireable":null,"bio":null,"twitter_username":null,"notification_email":null,"public_repos":0,"public_gists":0,"followers":0,"following":0,"created_at":"2024-02-18T07:45:58Z","updated_at":"2025-06-26T06:27:05Z","private_gists":0,"total_private_repos":0,"owned_private_repos":0,"disk_usage":0,"collaborators":0,"two_factor_authentication":false,"plan":{"name":"free","space":976562499,"collaborators":0,"private_repos":10000}}
[info] 
[info] +  Success! Logged into GitHub as msaif9 
[info] 
